Mar 27, 2019 2:25:45 PM demos.utilities.GreenLogger logAndPrint
INFO: The program has started
Mar 27, 2019 2:25:45 PM demos.utilities.GreenLogger log
INFO: 
000000000000000000000000000000000000000000000000000000000000000000000000000000000000000000000000000000000000000000000000000000000000000000000000000000000000000000000000000000000000000000000000000000000000000000000000000000000000000000000000000000000000000000000000000000000000000000000000000000000000000000000000000000000000000000000000000000000000000000000000000000000000000000000000000000000000000000000000000000000000000000000000000000000000000000000000000000000000000000000000000000000000000000000000000000

Mar 27, 2019 2:25:45 PM demos.utilities.GreenLogger logAndPrint
INFO: [Warning] The last port it's null
Mar 27, 2019 2:25:45 PM demos.utilities.GreenLogger logAndPrint
INFO: RTO: 10000LOCAL MAC: 0013A20041765A81
Mar 27, 2019 2:25:45 PM demos.utilities.GreenLogger logAndPrint
INFO: Created zones 
Zone 1:
	[0013A20041765A96, 0013A2004177285E, 0013A20041765A6A, 0013A20041772864, 0013A200410A2548, 0013A20041772860, 0013A200417659B8, 0013A20041772869, 0013A200410A2542, 0013A2004177286F, 0013A2004177286B, 0013A20041765A79, 0013A20041772876, 0013A20041765A8F, 0013A20041765A70, 0013A20041765A6B, 0013A2004176A7C8, 0013A2004177286B, 0013A20041765A8B, 0013A20041765A08, 0013A20041765A26, 0013A200417659AE, 0013A200417659C8]

Mar 27, 2019 2:26:15 PM demos.utilities.GreenLogger log
INFO: 
000000000000000000000000000000000000000000000000000000000000000000000000000000000000000000000000000000000000000000000000000000000000000000000000000000000000000000000000000000000000000000000000000000000000000000000000000000000000000000000000000000000000000000000000000000000000000000000000000000000000000000000000000000000000000000000000000000000000000000000000000000000000000000000000000000000000000000000000000000000000000000000000000000000000000000000000000000000000000000000000000000000000000000000000000000

Mar 29, 2019 12:12:04 PM demos.utilities.GreenLogger log
INFO: 
000000000000000000000000000000000000000000000000000000000000000000000000000000000000000000000000000000000000000000000000000000000000000000000000000000000000000000000000000000000000000000000000000000000000000000000000000000000000000000000000000000000000000000000000000000000000000000000000000000000000000000000000000000000000000000000000000000000000000000000000000000000000000000000000000000000000000000000000000000000000000000000000000000000000000000000000000000000000000000000000000000000000000000000000000000

Mar 29, 2019 12:12:07 PM demos.utilities.GreenLogger logAndPrint
INFO: LastValue: true
Mar 29, 2019 12:12:07 PM demos.utilities.GreenLogger logAndPrint
INFO: *************************VALUE: javafx.concurrent.WorkerStateEvent[source=demos.utilities.InternetConnectionCheck@13dd3e1]
Mar 29, 2019 12:12:07 PM demos.utilities.GreenLogger log
INFO: TIME ON: 20:30	 TIME OFF: 06:30
Mar 29, 2019 12:12:07 PM demos.utilities.GreenLogger log
INFO: times: 0
Mar 29, 2019 12:12:07 PM demos.utilities.GreenLogger log
INFO: Envio esto (X):
{"meter":"000010009999","client":"app","type":"receive"}
Mar 29, 2019 12:12:07 PM demos.utilities.GreenLogger logAndPrint
INFO: on: Fri Mar 29 20:30:00 CST 2019 	 off: Fri Mar 29 06:30:00 CST 2019
Mar 29, 2019 12:12:07 PM demos.utilities.GreenLogger logAndPrint
INFO: doff: -20527035	don: 29872965
Mar 29, 2019 12:12:07 PM demos.utilities.GreenLogger logAndPrint
INFO: [Info]Time to do the next stuff: 
ON: java.util.GregorianCalendar[time=1553913000043,areFieldsSet=true,areAllFieldsSet=true,lenient=true,zone=sun.util.calendar.ZoneInfo[id="America/Monterrey",offset=-21600000,dstSavings=3600000,useDaylight=true,transitions=88,lastRule=java.util.SimpleTimeZone[id=America/Monterrey,offset=-21600000,dstSavings=3600000,useDaylight=true,startYear=0,startMode=3,startMonth=3,startDay=1,startDayOfWeek=1,startTime=7200000,startTimeMode=0,endMode=2,endMonth=9,endDay=-1,endDayOfWeek=1,endTime=7200000,endTimeMode=0]],firstDayOfWeek=2,minimalDaysInFirstWeek=4,ERA=1,YEAR=2019,MONTH=2,WEEK_OF_YEAR=13,WEEK_OF_MONTH=4,DAY_OF_MONTH=29,DAY_OF_YEAR=88,DAY_OF_WEEK=6,DAY_OF_WEEK_IN_MONTH=5,AM_PM=1,HOUR=8,HOUR_OF_DAY=20,MINUTE=30,SECOND=0,MILLISECOND=43,ZONE_OFFSET=-21600000,DST_OFFSET=0]
OFF: java.util.GregorianCalendar[time=1553862600043,areFieldsSet=true,areAllFieldsSet=true,lenient=true,zone=sun.util.calendar.ZoneInfo[id="America/Monterrey",offset=-21600000,dstSavings=3600000,useDaylight=true,transitions=88,lastRule=java.util.SimpleTimeZone[id=America/Monterrey,offset=-21600000,dstSavings=3600000,useDaylight=true,startYear=0,startMode=3,startMonth=3,startDay=1,startDayOfWeek=1,startTime=7200000,startTimeMode=0,endMode=2,endMonth=9,endDay=-1,endDayOfWeek=1,endTime=7200000,endTimeMode=0]],firstDayOfWeek=2,minimalDaysInFirstWeek=4,ERA=1,YEAR=2019,MONTH=2,WEEK_OF_YEAR=13,WEEK_OF_MONTH=4,DAY_OF_MONTH=29,DAY_OF_YEAR=88,DAY_OF_WEEK=6,DAY_OF_WEEK_IN_MONTH=5,AM_PM=0,HOUR=6,HOUR_OF_DAY=6,MINUTE=30,SECOND=0,MILLISECOND=43,ZONE_OFFSET=-21600000,DST_OFFSET=0]

Mar 29, 2019 12:12:07 PM demos.utilities.GreenLogger logAndPrint
INFO: IS FIRST: -- ON -- 
Mar 29, 2019 12:12:08 PM demos.utilities.GreenLogger log
INFO: Response: 
[]
Mar 29, 2019 12:12:08 PM demos.utilities.GreenLogger log
INFO: Response(X): []
Mar 29, 2019 12:12:27 PM demos.utilities.GreenLogger log
INFO: times: 1
Mar 29, 2019 12:12:27 PM demos.utilities.GreenLogger log
INFO: Envio esto (X):
{"meter":"000010009999","client":"app","type":"receive"}
Mar 29, 2019 12:12:34 PM demos.utilities.GreenLogger log
INFO: 
000000000000000000000000000000000000000000000000000000000000000000000000000000000000000000000000000000000000000000000000000000000000000000000000000000000000000000000000000000000000000000000000000000000000000000000000000000000000000000000000000000000000000000000000000000000000000000000000000000000000000000000000000000000000000000000000000000000000000000000000000000000000000000000000000000000000000000000000000000000000000000000000000000000000000000000000000000000000000000000000000000000000000000000000000000

Mar 29, 2019 12:12:47 PM demos.utilities.GreenLogger log
INFO: times: 2
Mar 29, 2019 12:12:47 PM demos.utilities.GreenLogger log
INFO: Envio esto (X):
{"meter":"000010009999","client":"app","type":"receive"}
Mar 29, 2019 12:13:04 PM demos.utilities.GreenLogger log
INFO: 
000000000000000000000000000000000000000000000000000000000000000000000000000000000000000000000000000000000000000000000000000000000000000000000000000000000000000000000000000000000000000000000000000000000000000000000000000000000000000000000000000000000000000000000000000000000000000000000000000000000000000000000000000000000000000000000000000000000000000000000000000000000000000000000000000000000000000000000000000000000000000000000000000000000000000000000000000000000000000000000000000000000000000000000000000000

Mar 29, 2019 12:13:34 PM demos.utilities.GreenLogger log
INFO: times: 3
Mar 29, 2019 12:13:34 PM demos.utilities.GreenLogger log
INFO: Envio esto (X):
{"meter":"000010009528","client":"app","type":"receive"}
Mar 29, 2019 12:13:34 PM demos.utilities.GreenLogger log
INFO: times: 4
Mar 29, 2019 12:13:34 PM demos.utilities.GreenLogger log
INFO: Envio esto (X):
{"meter":"000010009528","client":"app","type":"receive"}
Mar 29, 2019 12:13:34 PM demos.utilities.GreenLogger log
INFO: 
000000000000000000000000000000000000000000000000000000000000000000000000000000000000000000000000000000000000000000000000000000000000000000000000000000000000000000000000000000000000000000000000000000000000000000000000000000000000000000000000000000000000000000000000000000000000000000000000000000000000000000000000000000000000000000000000000000000000000000000000000000000000000000000000000000000000000000000000000000000000000000000000000000000000000000000000000000000000000000000000000000000000000000000000000000

