Mar 29, 2019 12:13:47 PM demos.utilities.GreenLogger logAndPrint
INFO: The program has started
Mar 29, 2019 12:13:47 PM demos.utilities.GreenLogger logAndPrint
INFO: port: /dev/ttyUSB0
Mar 29, 2019 12:13:47 PM demos.utilities.GreenLogger log
INFO: 
000000000000000000000000000000000000000000000000000000000000000000000000000000000000000000000000000000000000000000000000000000000000000000000000000000000000000000000000000000000000000000000000000000000000000000000000000000000000000000000000000000000000000000000000000000000000000000000000000000000000000000000000000000000000000000000000000000000000000000000000000000000000000000000000000000000000000000000000000000000000000000000000000000000000000000000000000000000000000000000000000000000000000000000000000000

Mar 29, 2019 12:13:48 PM demos.utilities.GreenLogger logAndPrint
INFO: RTO: 10000LOCAL MAC: 0013A20041765A81
Mar 29, 2019 12:13:48 PM demos.utilities.GreenLogger logAndPrint
INFO: Created zones 
Zone 1:
	[0013A20041765A96, 0013A2004177285E, 0013A20041765A6A, 0013A20041772864, 0013A200410A2548, 0013A20041772860, 0013A200417659B8, 0013A20041772869, 0013A200410A2542, 0013A2004177286F, 0013A2004177286B, 0013A20041765A79, 0013A20041772876, 0013A20041765A8F, 0013A20041765A70, 0013A20041765A6B, 0013A2004176A7C8, 0013A2004177286B, 0013A20041765A8B, 0013A20041765A08, 0013A20041765A26, 0013A200417659AE, 0013A200417659C8]

Mar 29, 2019 12:14:17 PM demos.utilities.GreenLogger log
INFO: 
8290221730303030B13030303935B2B83030B230B43335393030B2303339393030303030303336393030303030303030303030303030303030303030303030B1303030303030303030303030303030B130303030303030303030303030303030B235B2B8303030303030303030303030303030303030303030303030303030303030303030303030303030303030303030303030303030A0B13030C3303030C330303030303036B4333530B1B1393033333030B730B2B1B230B730B230303030303030303030303030303030303030303030303030303030303030303030303030303030303030303030303030303030303030303030303000218D0A03BB42

Mar 29, 2019 12:14:17 PM demos.utilities.GreenLogger logAndPrint
INFO: SET WATTS :0000000
Mar 29, 2019 12:14:47 PM demos.utilities.GreenLogger log
INFO: 
8290221730303030B13030303935B2B83030B230B43335393030B2303339393030303030303336393030303030303030303030303030303030303030303030B1303030303030303030303030303030B130303030303030303030303030303030B235B235303030303030303030303030303030303030303030303030303030303030303030303030303030303030303030303030303030A0B13030C3303030C330303030303036B4333530B1B1393033333030B730B2B1B233B730B230303030303030303030303030303030303030303030303030303030303030303030303030303030303030303030303030303030303030303030303000218D0A03C91E

Mar 29, 2019 12:14:47 PM demos.utilities.GreenLogger logAndPrint
INFO: SET WATTS :0000000
Mar 29, 2019 12:15:17 PM demos.utilities.GreenLogger log
INFO: 
8290221730303030B13030303935B2B83030B230B43335393030B2303339393030303030303336393030303030303030303030303030303030303030303030B1303030303030303030303030303030B130303030303030303030303030303030B235B2B4303030303030303030303030303030303030303030303030303030303030303030303030303030303030303030303030303030A0B13030C3303030C330303030303036B4333530B1B1393033333030B730B2B13330B730B230303030303030303030303030303030303030303030303030303030303030303030303030303030303030303030303030303030303030303030303000218D0A037406

Mar 29, 2019 12:15:17 PM demos.utilities.GreenLogger logAndPrint
INFO: SET WATTS :0000000
Mar 29, 2019 12:15:47 PM demos.utilities.GreenLogger log
INFO: 
8290221730303030B13030303935B2B83030B230B43335393030B2303339393030303030303336393030303030303030303030303030303030303030303030B1303030303030303030303030303030B130303030303030303030303030303030B235B2B4303030303030303030303030303030303030303030303030303030303030303030303030303030303030303030303030303030C3303030C3303030C330303030303036B4333530B1B1393033333030B730B2B13333B730B230303030303030303030303030303030303030303030303030303030303030303030303030303030303030303030303030303030303030303030303000218D0A0393FC

Mar 29, 2019 12:15:47 PM demos.utilities.GreenLogger logAndPrint
INFO: SET WATTS :0000000
Mar 29, 2019 12:16:17 PM demos.utilities.GreenLogger log
INFO: 
8290221730303030B13030303935B2B83030B230B43335393030B2303339393030303030303336393030303030303030303030303030303030303030303030B1303030303030303030303030303030B130303030303030303030303030303030B235B2B8303030303030303030303030303030303030303030303030303030303030303030303030303030303030303030303030303030A0B13030C3303030C330303030303036B4333530B1B1393033333030B730B2B1B430B730B230303030303030303030303030303030303030303030303030303030303030303030303030303030303030303030303030303030303030303030303000218D0A03DDDB

Mar 29, 2019 12:16:17 PM demos.utilities.GreenLogger logAndPrint
INFO: SET WATTS :0000000
Mar 29, 2019 12:16:47 PM demos.utilities.GreenLogger log
INFO: 
8290221730303030B13030303935B2B83030B230B43335393030B2303339393030303030303336393030303030303030303030303030303030303030303030B1303030303030303030303030303030B130303030303030303030303030303030B235B236303030303030303030303030303030303030303030303030303030303030303030303030303030303030303030303030303030C3303030C3303030C330303030303036B4333530B1B1393033333030B730B2B1B433B730B230303030303030303030303030303030303030303030303030303030303030303030303030303030303030303030303030303030303030303030303000218D0A03DEBE

Mar 29, 2019 12:16:47 PM demos.utilities.GreenLogger logAndPrint
INFO: SET WATTS :0000000
Mar 29, 2019 12:16:50 PM demos.utilities.GreenLogger logAndPrint
INFO: [Error] Checking connection withwww.google.com
Mar 29, 2019 12:16:50 PM demos.utilities.GreenLogger logAndPrint
INFO: [Error] Checking connection withwww.amazon.com
Mar 29, 2019 12:16:50 PM demos.utilities.GreenLogger logAndPrint
INFO: [Error] Checking connection withtwitter.com
Mar 29, 2019 12:16:50 PM demos.utilities.GreenLogger logAndPrint
INFO: LastValue: false
Mar 29, 2019 12:16:50 PM demos.utilities.GreenLogger logAndPrint
INFO: *************************VALUE: javafx.concurrent.WorkerStateEvent[source=demos.utilities.InternetConnectionCheck@e0ab96]
Mar 29, 2019 12:16:50 PM demos.utilities.GreenLogger logAndPrint
INFO: ====================================ATTEMPT_QTY: 1
Mar 29, 2019 12:16:50 PM demos.utilities.GreenLogger logAndPrint
INFO: [INFO] Restarting network-manager service
Mar 29, 2019 12:17:17 PM demos.utilities.GreenLogger log
INFO: 
8290221730303030B13030303935B2B83030B230B43335393030B2303339393030303030303336393030303030303030303030303030303030303030303030B1303030303030303030303030303030B130303030303030303030303030303030B235B2B7303030303030303030303030303030303030303030303030303030303030303030303030303030303030303030303030303030C3303030C3303030C330303030303036B4333530B1B1393033333030B730B2B13530B730B230303030303030303030303030303030303030303030303030303030303030303030303030303030303030303030303030303030303030303030303000218D0A0363A6

Mar 29, 2019 12:17:17 PM demos.utilities.GreenLogger logAndPrint
INFO: SET WATTS :0000000
Mar 29, 2019 12:17:47 PM demos.utilities.GreenLogger log
INFO: 
8290221730303030B13030303935B2B83030B230B43335393030B2303339393030303030303336393030303030303030303030303030303030303030303030B1303030303030303030303030303030B130303030303030303030303030303030B235B2B8303030303030303030303030303030303030303030303030303030303030303030303030303030303030303030303030303030A0B13030C3303030C330303030303036B4333530B1B1393033333030B730B2B13533B730B230303030303030303030303030303030303030303030303030303030303030303030303030303030303030303030303030303030303030303030303000218D0A039CAC

Mar 29, 2019 12:17:48 PM demos.utilities.GreenLogger logAndPrint
INFO: SET WATTS :0000000
Mar 29, 2019 12:18:17 PM demos.utilities.GreenLogger log
INFO: 
8290221730303030B13030303935B2B83030B230B43335393030B2303339393030303030303336393030303030303030303030303030303030303030303030B1303030303030303030303030303030B130303030303030303030303030303030B235B239303030303030303030303030303030303030303030303030303030303030303030303030303030303030303030303030303030C3303030C3303030C330303030303036B4333530B1B1393033333030B730B2B13630B730B230303030303030303030303030303030303030303030303030303030303030303030303030303030303030303030303030303030303030303030303000218D0A037435

Mar 29, 2019 12:18:17 PM demos.utilities.GreenLogger logAndPrint
INFO: SET WATTS :0000000
Mar 29, 2019 12:18:47 PM demos.utilities.GreenLogger log
INFO: 
8290221730303030B13030303935B2B83030B230B43335393030B2303339393030303030303336393030303030303030303030303030303030303030303030B1303030303030303030303030303030B130303030303030303030303030303030B235B2B7303030303030303030303030303030303030303030303030303030303030303030303030303030303030303030303030303030C3303030C3303030C330303030303036B4333530B1B1393033333030B730B2B13633B730B230303030303030303030303030303030303030303030303030303030303030303030303030303030303030303030303030303030303030303030303000218D0A038199

Mar 29, 2019 12:18:47 PM demos.utilities.GreenLogger logAndPrint
INFO: SET WATTS :0000000
Mar 29, 2019 12:19:17 PM demos.utilities.GreenLogger log
INFO: 
8290221730303030B13030303935B2B83030B230B43335393030B2303339393030303030303336393030303030303030303030303030303030303030303030B1303030303030303030303030303030B130303030303030303030303030303030B235B233303030303030303030303030303030303030303030303030303030303030303030303030303030303030303030303030303030C3303030C3303030C330303030303036B4333530B1B1393033333030B730B2B1B730B730B230303030303030303030303030303030303030303030303030303030303030303030303030303030303030303030303030303030303030303030303000218D0A033511

Mar 29, 2019 12:19:17 PM demos.utilities.GreenLogger logAndPrint
INFO: SET WATTS :0000000
Mar 29, 2019 12:19:47 PM demos.utilities.GreenLogger log
INFO: 
8290221730303030B13030303935B2B83030B230B43335393030B2303339393030303030303336393030303030303030303030303030303030303030303030B1303030303030303030303030303030B130303030303030303030303030303030B235B2B4303030303030303030303030303030303030303030303030303030303030303030303030303030303030303030303030303030C3303030C3303030C330303030303036B4333530B1B1393033333030B730B2B1B733B730B230303030303030303030303030303030303030303030303030303030303030303030303030303030303030303030303030303030303030303030303000218D0A03562D

Mar 29, 2019 12:19:47 PM demos.utilities.GreenLogger logAndPrint
INFO: SET WATTS :0000000
Mar 29, 2019 12:20:17 PM demos.utilities.GreenLogger log
INFO: 
8290221730303030B13030303935B2B83030B230B43335393030B2303339393030303030303336393030303030303030303030303030303030303030303030B1303030303030303030303030303030B130303030303030303030303030303030B235B235303030303030303030303030303030303030303030303030303030303030303030303030303030303030303030303030303030C3303030C3303030C330303030303036B4333530B1B1393033333030B730B2B1B830B730B230303030303030303030303030303030303030303030303030303030303030303030303030303030303030303030303030303030303030303030303000218D0A03844E

Mar 29, 2019 12:20:17 PM demos.utilities.GreenLogger logAndPrint
INFO: SET WATTS :0000000
Mar 29, 2019 12:20:47 PM demos.utilities.GreenLogger log
INFO: 
8290221730303030B13030303935B2B83030B230B43335393030B2303339393030303030303336393030303030303030303030303030303030303030303030B1303030303030303030303030303030B130303030303030303030303030303030B235B236303030303030303030303030303030303030303030303030303030303030303030303030303030303030303030303030303030C3303030C3303030C330303030303036B4333530B1B1393033333030B730B2B1B833B730B230303030303030303030303030303030303030303030303030303030303030303030303030303030303030303030303030303030303030303030303000218D0A03128D

Mar 29, 2019 12:20:47 PM demos.utilities.GreenLogger logAndPrint
INFO: SET WATTS :0000000
Mar 29, 2019 12:21:17 PM demos.utilities.GreenLogger log
INFO: 
8290221730303030B13030303935B2B83030B230B43335393030B2303339393030303030303336393030303030303030303030303030303030303030303030B1303030303030303030303030303030B130303030303030303030303030303030B235B235303030303030303030303030303030303030303030303030303030303030303030303030303030303030303030303030303030A0B13030C3303030C330303030303036B4333530B1B1393033333030B730B2B13930B730B230303030303030303030303030303030303030303030303030303030303030303030303030303030303030303030303030303030303030303030303000218D0A0322C3

Mar 29, 2019 12:21:17 PM demos.utilities.GreenLogger logAndPrint
INFO: SET WATTS :0000000
Mar 29, 2019 12:21:47 PM demos.utilities.GreenLogger log
INFO: 
8290221730303030B13030303935B2B83030B230B43335393030B2303339393030303030303336393030303030303030303030303030303030303030303030B1303030303030303030303030303030B130303030303030303030303030303030B235B236303030303030303030303030303030303030303030303030303030303030303030303030303030303030303030303030303030C3303030C3303030C330303030303036B4333530B1B1393033333030B730B2B13933B730B230303030303030303030303030303030303030303030303030303030303030303030303030303030303030303030303030303030303030303030303000218D0A0342C9

Mar 29, 2019 12:21:47 PM demos.utilities.GreenLogger logAndPrint
INFO: SET WATTS :0000000
Mar 29, 2019 12:22:17 PM demos.utilities.GreenLogger log
INFO: 
8290221730303030B13030303935B2B83030B230B43335393030B2303339393030303030303336393030303030303030303030303030303030303030303030B1303030303030303030303030303030B130303030303030303030303030303030B235B235303030303030303030303030303030303030303030303030303030303030303030303030303030303030303030303030303030CC303939C3303030C330303030303036B4333530B1B1393033333030B730B2B23030B730B230303030303030303030303030303030303030303030303030303030303030303030303030303030303030303030303030303030303030303030303000218D0A033F7E

Mar 29, 2019 12:22:17 PM demos.utilities.GreenLogger logAndPrint
INFO: SET WATTS :0000000
Mar 29, 2019 12:22:47 PM demos.utilities.GreenLogger log
INFO: 
8290221730303030B13030303935B2B83030B230B43335393030B2303339393030303030303336393030303030303030303030303030303030303030303030B1303030303030303030303030303030B130303030303030303030303030303030B235B2B4303030303030303030303030303030303030303030303030303030303030303030303030303030303030303030303030303030CC3039B8C3303030C330303030303036B4333530B1B1393033333030B730B2B23033B730B230303030303030303030303030303030303030303030303030303030303030303030303030303030303030303030303030303030303030303030303000218D0A03990F

Mar 29, 2019 12:22:47 PM demos.utilities.GreenLogger logAndPrint
INFO: SET WATTS :0000000
Mar 29, 2019 12:23:17 PM demos.utilities.GreenLogger log
INFO: 
8290221730303030B13030303935B2B83030B230B43335393030B2303339393030303030303336393030303030303030303030303030303030303030303030B1303030303030303030303030303030B130303030303030303030303030303030B235B236303030303030303030303030303030303030303030303030303030303030303030303030303030303030303030303030303030CC303939C3303030C330303030303036B4333530B1B1393033333030B730B2B2B130B730B230303030303030303030303030303030303030303030303030303030303030303030303030303030303030303030303030303030303030303030303000218D0A03E8CA

Mar 29, 2019 12:23:17 PM demos.utilities.GreenLogger logAndPrint
INFO: SET WATTS :0000000
Mar 29, 2019 12:23:47 PM demos.utilities.GreenLogger log
INFO: 
8290221730303030B13030303935B2B83030B230B43335393030B2303339393030303030303336393030303030303030303030303030303030303030303030B1303030303030303030303030303030B130303030303030303030303030303030B235B2B7303030303030303030303030303030303030303030303030303030303030303030303030303030303030303030303030303030C3303030C3303030C330303030303036B4333530B1B1393033333030B730B2B2B133B730B230303030303030303030303030303030303030303030303030303030303030303030303030303030303030303030303030303030303030303030303000218D0A037B81

Mar 29, 2019 12:23:47 PM demos.utilities.GreenLogger logAndPrint
INFO: SET WATTS :0000000
Mar 29, 2019 12:24:17 PM demos.utilities.GreenLogger log
INFO: 
8290221730303030B13030303935B2B83030B230B43335393030B2303339393030303030303336393030303030303030303030303030303030303030303030B1303030303030303030303030303030B130303030303030303030303030303030B235B2B4303030303030303030303030303030303030303030303030303030303030303030303030303030303030303030303030303030C3303030C3303030C330303030303036B4333530B1B1393033333030B730B2B2B230B730B230303030303030303030303030303030303030303030303030303030303030303030303030303030303030303030303030303030303030303030303000218D0A031E4E

Mar 29, 2019 12:24:17 PM demos.utilities.GreenLogger logAndPrint
INFO: SET WATTS :0000000
Mar 29, 2019 12:24:47 PM demos.utilities.GreenLogger log
INFO: 
8290221730303030B13030303935B2B83030B230B43335393030B2303339393030303030303336393030303030303030303030303030303030303030303030B1303030303030303030303030303030B130303030303030303030303030303030B235B2B2303030303030303030303030303030303030303030303030303030303030303030303030303030303030303030303030303030C3303030C3303030C330303030303036B4333530B1B1393033333030B730B2B2B233B730B230303030303030303030303030303030303030303030303030303030303030303030303030303030303030303030303030303030303030303030303000218D0A03811D

Mar 29, 2019 12:24:47 PM demos.utilities.GreenLogger logAndPrint
INFO: SET WATTS :0000000
Mar 29, 2019 12:25:17 PM demos.utilities.GreenLogger log
INFO: 
8290221730303030B13030303935B2B83030B230B43335393030B2303339393030303030303336393030303030303030303030303030303030303030303030B1303030303030303030303030303030B130303030303030303030303030303030B235B230303030303030303030303030303030303030303030303030303030303030303030303030303030303030303030303030303030C3303030C3303030C330303030303036B4333530B1B1393033333030B730B2B23330B730B230303030303030303030303030303030303030303030303030303030303030303030303030303030303030303030303030303030303030303030303000218D0A03BBF5

Mar 29, 2019 12:25:17 PM demos.utilities.GreenLogger logAndPrint
INFO: SET WATTS :0000000
